2016-11-17T15:14:30.196512Z mysqld_safe Starting mysqld.bin daemon with databases from /opt/bitnami/mysql/data
2016-11-17T15:14:30.372510Z 0 [Warning] TIMESTAMP with implicit DEFAULT value is deprecated. Please use --explicit_defaults_for_timestamp server option (see documentation for more details).
2016-11-17T15:14:30.372593Z 0 [Note] --secure-file-priv is set to NULL. Operations related to importing and exporting data are disabled
2016-11-17T15:14:30.372622Z 0 [Note] /opt/bitnami/mysql/bin/mysqld.bin (mysqld 5.7.16) starting as process 2737 ...
2016-11-17T15:14:30.378466Z 0 [Note] InnoDB: PUNCH HOLE support not available
2016-11-17T15:14:30.378491Z 0 [Note] InnoDB: Mutexes and rw_locks use GCC atomic builtins
2016-11-17T15:14:30.378495Z 0 [Note] InnoDB: Uses event mutexes
2016-11-17T15:14:30.378498Z 0 [Note] InnoDB: GCC builtin __sync_synchronize() is used for memory barrier
2016-11-17T15:14:30.378502Z 0 [Note] InnoDB: Compressed tables use zlib 1.2.3
2016-11-17T15:14:30.378505Z 0 [Note] InnoDB: Using Linux native AIO
2016-11-17T15:14:30.378713Z 0 [Note] InnoDB: Number of pools: 1
2016-11-17T15:14:30.378802Z 0 [Note] InnoDB: Using CPU crc32 instructions
2016-11-17T15:14:30.380089Z 0 [Note] InnoDB: Initializing buffer pool, total size = 16M, instances = 1, chunk size = 16M
2016-11-17T15:14:30.381124Z 0 [Note] InnoDB: Completed initialization of buffer pool
2016-11-17T15:14:30.381554Z 0 [Note] InnoDB: If the mysqld execution user is authorized, page cleaner thread priority can be changed. See the man page of setpriority().
2016-11-17T15:14:30.398741Z 0 [Note] InnoDB: Highest supported file format is Barracuda.
2016-11-17T15:14:30.414766Z 0 [Note] InnoDB: Creating shared tablespace for temporary tables
2016-11-17T15:14:30.414811Z 0 [Note] InnoDB: Setting file './ibtmp1' size to 12 MB. Physically writing the file full; Please wait ...
2016-11-17T15:14:30.448939Z 0 [Note] InnoDB: File './ibtmp1' size is now 12 MB.
2016-11-17T15:14:30.449649Z 0 [Note] InnoDB: 96 redo rollback segment(s) found. 96 redo rollback segment(s) are active.
2016-11-17T15:14:30.449659Z 0 [Note] InnoDB: 32 non-redo rollback segment(s) are active.
2016-11-17T15:14:30.450223Z 0 [Note] InnoDB: Waiting for purge to start
2016-11-17T15:14:30.500468Z 0 [Note] InnoDB: 5.7.16 started; log sequence number 3313072
2016-11-17T15:14:30.500693Z 0 [Note] Plugin 'FEDERATED' is disabled.
2016-11-17T15:14:30.500887Z 0 [Note] InnoDB: Loading buffer pool(s) from /opt/bitnami/mysql/data/ib_buffer_pool
2016-11-17T15:14:30.506812Z 0 [Note] InnoDB: Buffer pool(s) load completed at 161117 15:14:30
2016-11-17T15:14:30.506901Z 0 [Warning] Failed to set up SSL because of the following SSL library error: SSL context is not usable without certificate and private key
2016-11-17T15:14:30.506911Z 0 [Note] Server hostname (bind-address): '127.0.0.1'; port: 3306
2016-11-17T15:14:30.506927Z 0 [Note]   - '127.0.0.1' resolves to '127.0.0.1';
2016-11-17T15:14:30.506964Z 0 [Note] Server socket created on IP: '127.0.0.1'.
2016-11-17T15:14:30.515697Z 0 [Note] Event Scheduler: Loaded 0 events
2016-11-17T15:14:30.515760Z 0 [Note] Execution of init_file '/opt/bitnami/mysql/mysql-init' started.
2016-11-17T15:14:30.526637Z 0 [Note] Execution of init_file '/opt/bitnami/mysql/mysql-init' ended.
2016-11-17T15:14:30.526694Z 0 [Note] /opt/bitnami/mysql/bin/mysqld.bin: ready for connections.
Version: '5.7.16'  socket: '/opt/bitnami/mysql/tmp/mysql.sock'  port: 3306  MySQL Community Server (GPL)
2016-11-17T15:14:31.604576Z 0 [Note] Giving 1 client threads a chance to die gracefully
2016-11-17T15:14:31.604593Z 0 [Note] Shutting down slave threads
2016-11-17T15:14:33.604811Z 0 [Note] Forcefully disconnecting 0 remaining clients
2016-11-17T15:14:33.604859Z 0 [Note] Event Scheduler: Purging the queue. 0 events
2016-11-17T15:14:33.604984Z 0 [Note] Binlog end
2016-11-17T15:14:33.605456Z 0 [Note] Shutting down plugin 'ngram'
2016-11-17T15:14:33.605464Z 0 [Note] Shutting down plugin 'ARCHIVE'
2016-11-17T15:14:33.605472Z 0 [Note] Shutting down plugin 'partition'
2016-11-17T15:14:33.605474Z 0 [Note] Shutting down plugin 'BLACKHOLE'
2016-11-17T15:14:33.605488Z 0 [Note] Shutting down plugin 'CSV'
2016-11-17T15:14:33.605492Z 0 [Note] Shutting down plugin 'MEMORY'
2016-11-17T15:14:33.605495Z 0 [Note] Shutting down plugin 'MRG_MYISAM'
2016-11-17T15:14:33.605499Z 0 [Note] Shutting down plugin 'INNODB_SYS_VIRTUAL'
2016-11-17T15:14:33.605502Z 0 [Note] Shutting down plugin 'INNODB_SYS_DATAFILES'
2016-11-17T15:14:33.605504Z 0 [Note] Shutting down plugin 'INNODB_SYS_TABLESPACES'
2016-11-17T15:14:33.605506Z 0 [Note] Shutting down plugin 'INNODB_SYS_FOREIGN_COLS'
2016-11-17T15:14:33.605508Z 0 [Note] Shutting down plugin 'INNODB_SYS_FOREIGN'
2016-11-17T15:14:33.605510Z 0 [Note] Shutting down plugin 'INNODB_SYS_FIELDS'
2016-11-17T15:14:33.605513Z 0 [Note] Shutting down plugin 'INNODB_SYS_COLUMNS'
2016-11-17T15:14:33.605515Z 0 [Note] Shutting down plugin 'INNODB_SYS_INDEXES'
2016-11-17T15:14:33.605517Z 0 [Note] Shutting down plugin 'INNODB_SYS_TABLESTATS'
2016-11-17T15:14:33.605519Z 0 [Note] Shutting down plugin 'INNODB_SYS_TABLES'
2016-11-17T15:14:33.605521Z 0 [Note] Shutting down plugin 'INNODB_FT_INDEX_TABLE'
2016-11-17T15:14:33.605523Z 0 [Note] Shutting down plugin 'INNODB_FT_INDEX_CACHE'
2016-11-17T15:14:33.605525Z 0 [Note] Shutting down plugin 'INNODB_FT_CONFIG'
2016-11-17T15:14:33.605528Z 0 [Note] Shutting down plugin 'INNODB_FT_BEING_DELETED'
2016-11-17T15:14:33.605530Z 0 [Note] Shutting down plugin 'INNODB_FT_DELETED'
2016-11-17T15:14:33.605532Z 0 [Note] Shutting down plugin 'INNODB_FT_DEFAULT_STOPWORD'
2016-11-17T15:14:33.605534Z 0 [Note] Shutting down plugin 'INNODB_METRICS'
2016-11-17T15:14:33.605536Z 0 [Note] Shutting down plugin 'INNODB_TEMP_TABLE_INFO'
2016-11-17T15:14:33.605538Z 0 [Note] Shutting down plugin 'INNODB_BUFFER_POOL_STATS'
2016-11-17T15:14:33.605540Z 0 [Note] Shutting down plugin 'INNODB_BUFFER_PAGE_LRU'
2016-11-17T15:14:33.605543Z 0 [Note] Shutting down plugin 'INNODB_BUFFER_PAGE'
2016-11-17T15:14:33.605545Z 0 [Note] Shutting down plugin 'INNODB_CMP_PER_INDEX_RESET'
2016-11-17T15:14:33.605547Z 0 [Note] Shutting down plugin 'INNODB_CMP_PER_INDEX'
2016-11-17T15:14:33.605549Z 0 [Note] Shutting down plugin 'INNODB_CMPMEM_RESET'
2016-11-17T15:14:33.605551Z 0 [Note] Shutting down plugin 'INNODB_CMPMEM'
2016-11-17T15:14:33.605553Z 0 [Note] Shutting down plugin 'INNODB_CMP_RESET'
2016-11-17T15:14:33.605555Z 0 [Note] Shutting down plugin 'INNODB_CMP'
2016-11-17T15:14:33.605557Z 0 [Note] Shutting down plugin 'INNODB_LOCK_WAITS'
2016-11-17T15:14:33.605560Z 0 [Note] Shutting down plugin 'INNODB_LOCKS'
2016-11-17T15:14:33.605562Z 0 [Note] Shutting down plugin 'INNODB_TRX'
2016-11-17T15:14:33.605564Z 0 [Note] Shutting down plugin 'InnoDB'
2016-11-17T15:14:33.605617Z 0 [Note] InnoDB: FTS optimize thread exiting.
2016-11-17T15:14:33.605680Z 0 [Note] InnoDB: Starting shutdown...
2016-11-17T15:14:33.706024Z 0 [Note] InnoDB: Dumping buffer pool(s) to /opt/bitnami/mysql/data/ib_buffer_pool
2016-11-17T15:14:33.706179Z 0 [Note] InnoDB: Buffer pool(s) dump completed at 161117 15:14:33
2016-11-17T15:14:35.314128Z 0 [Note] InnoDB: Shutdown completed; log sequence number 3313100
2016-11-17T15:14:35.315152Z 0 [Note] InnoDB: Removed temporary tablespace data file: "ibtmp1"
2016-11-17T15:14:35.315173Z 0 [Note] Shutting down plugin 'PERFORMANCE_SCHEMA'
2016-11-17T15:14:35.315194Z 0 [Note] Shutting down plugin 'MyISAM'
2016-11-17T15:14:35.315201Z 0 [Note] Shutting down plugin 'sha256_password'
2016-11-17T15:14:35.315204Z 0 [Note] Shutting down plugin 'mysql_native_password'
2016-11-17T15:14:35.315318Z 0 [Note] Shutting down plugin 'binlog'
2016-11-17T15:14:35.315494Z 0 [Note] /opt/bitnami/mysql/bin/mysqld.bin: Shutdown complete

2016-11-17T15:14:35.320951Z mysqld_safe mysqld from pid file /opt/bitnami/mysql/data/mysqld.pid ended
